C:\Users\Master\Desktop\Exposys_Email_Compaign\venv\Lib\site-packages\jwt\api_jwt.py:368: InsecureKeyLengthWarning: The HMAC key is 25 bytes long, which is below the minimum recommended length of 32 bytes for SHA256. See RFC 7518 Section 3.2.
  decoded = self.decode_complete(
[26/May/2026 15:58:23] "GET /api/campaigns/?page=1&page_size=3 HTTP/1.1" 200 1186
[26/May/2026 15:58:23] "GET /api/campaigns/373238eb-cd74-48c1-96a2-53d2617a9c51/ HTTP/1.1" 200 634
[26/May/2026 15:58:23] "GET /api/contacts?page=1&page_size=3 HTTP/1.1" 200 876
[26/May/2026 15:58:23,980] - Broken pipe from ('127.0.0.1', 55411)
[26/May/2026 15:58:52] "GET / HTTP/1.1" 302 0
[26/May/2026 15:58:52] "GET /dashboard/ HTTP/1.1" 200 16240
[26/May/2026 15:58:52] "GET /login/ HTTP/1.1" 200 6483
[26/May/2026 15:58:52] "GET /static/js/api.js HTTP/1.1" 304 0
[26/May/2026 15:58:52,802] - Broken pipe from ('127.0.0.1', 53771)
C:\Users\Master\Desktop\Exposys_Email_Compaign\venv\Lib\site-packages\jwt\api_jwt.py:147: InsecureKeyLengthWarning: The HMAC key is 25 bytes long, which is below the minimum recommended length of 32 bytes for SHA256. See RFC 7518 Section 3.2.
  return self._jws.encode(
[26/May/2026 15:59:05] "POST /api/auth/login/ HTTP/1.1" 200 983
[26/May/2026 15:59:05] "GET /dashboard/ HTTP/1.1" 200 16240
[26/May/2026 15:59:05] "GET /static/js/api.js?v=20260526-2 HTTP/1.1" 200 5683
[26/May/2026 15:59:05] "GET /api/analytics/dashboard/?days=7 HTTP/1.1" 200 1183
[26/May/2026 15:59:05] "GET /api/analytics/dashboard/?days=7 HTTP/1.1" 200 1183
[26/May/2026 15:59:05] "GET /api/analytics/dashboard/?days=7 HTTP/1.1" 200 1183
[26/May/2026 15:59:07] "GET /contacts/ HTTP/1.1" 200 28468
[26/May/2026 15:59:07] "GET /api/contacts?page=1&page_size=50 HTTP/1.1" 200 6102
[26/May/2026 15:59:12] "POST /api/contacts/bulk-action/ HTTP/1.1" 200 82
[26/May/2026 15:59:12] "GET /api/contacts?page=1&page_size=50 HTTP/1.1" 200 52
[26/May/2026 15:59:14] "GET /upload/ HTTP/1.1" 200 15639
[26/May/2026 15:59:23] "POST /api/contacts/upload/ HTTP/1.1" 200 135
[26/May/2026 15:59:29] "GET /contacts/ HTTP/1.1" 200 28468
[26/May/2026 15:59:29] "GET /static/js/api.js?v=20260526-2 HTTP/1.1" 304 0
C:\Users\Master\Desktop\Exposys_Email_Compaign\venv\Lib\site-packages\jwt\api_jwt.py:368: InsecureKeyLengthWarning: The HMAC key is 25 bytes long, which is below the minimum recommended length of 32 bytes for SHA256. See RFC 7518 Section 3.2.
  decoded = self.decode_complete(
[26/May/2026 15:59:29] "GET /api/contacts?page=1&page_size=50 HTTP/1.1" 200 2670
[26/May/2026 15:59:33] "GET /api/campaigns/?page_size=200 HTTP/1.1" 200 7563
[26/May/2026 15:59:44] "GET /campaigns/ HTTP/1.1" 200 32333
[26/May/2026 15:59:44] "GET /api/templates/?page_size=200 HTTP/1.1" 200 298
[26/May/2026 15:59:44] "GET /api/campaigns/?page=1&page_size=50 HTTP/1.1" 200 7563
[26/May/2026 15:59:44] "GET /api/contacts/count/?search=&college=&status= HTTP/1.1" 200 12
[26/May/2026 15:59:45] "GET /api/campaigns/?page=1&page_size=50 HTTP/1.1" 200 7563
[26/May/2026 15:59:47] "DELETE /api/campaigns/373238eb-cd74-48c1-96a2-53d2617a9c51/ HTTP/1.1" 400 76
[26/May/2026 15:59:47] "DELETE /api/campaigns/9241b0ce-7350-4834-bd10-a83dea0caad3/ HTTP/1.1" 204 0
[26/May/2026 15:59:47] "DELETE /api/campaigns/9cb89765-9c87-4dbc-91b4-4f591dc92a9d/ HTTP/1.1" 204 0
[26/May/2026 15:59:47] "DELETE /api/campaigns/ec6f98af-6f89-4955-b243-320126a40ed5/ HTTP/1.1" 204 0
[26/May/2026 15:59:47] "DELETE /api/campaigns/ba04b956-c7d5-4fa4-9cc8-7cc790c15a3f/ HTTP/1.1" 204 0
[26/May/2026 15:59:47] "DELETE /api/campaigns/40b2b572-048e-4143-9e67-ec2297b253ca/ HTTP/1.1" 204 0
[26/May/2026 15:59:47] "DELETE /api/campaigns/3f0bee32-131f-4bea-8ef7-0365b570a5b0/ HTTP/1.1" 204 0
[26/May/2026 15:59:47] "DELETE /api/campaigns/e2f02ed8-e43c-4b37-9ed9-fdb6e1eb2a2a/ HTTP/1.1" 204 0
[26/May/2026 15:59:47] "DELETE /api/campaigns/812df875-74cb-4df3-adfb-f395a25dcb02/ HTTP/1.1" 204 0
[26/May/2026 15:59:47] "DELETE /api/campaigns/20beb0cd-d26c-49a5-a059-af3841daf164/ HTTP/1.1" 204 0
[26/May/2026 15:59:47] "DELETE /api/campaigns/8d4be463-96c1-496a-b039-80afc4fbbcf7/ HTTP/1.1" 204 0
[26/May/2026 15:59:47] "DELETE /api/campaigns/a332c800-2a74-455e-b5d3-09433203a5fb/ HTTP/1.1" 204 0
[26/May/2026 15:59:47] "DELETE /api/campaigns/ae0f2e37-7867-416b-ac92-9fc7dc520905/ HTTP/1.1" 204 0
[26/May/2026 15:59:47] "DELETE /api/campaigns/704d07e1-f03b-40e9-9716-cdc5e44a58a6/ HTTP/1.1" 204 0
[26/May/2026 15:59:47] "DELETE /api/campaigns/3366d752-584a-41a1-b422-f44e4bf89966/ HTTP/1.1" 204 0
[26/May/2026 15:59:47] "DELETE /api/campaigns/594a3d46-04fe-464a-9134-e392e65df4fd/ HTTP/1.1" 204 0
[26/May/2026 15:59:47] "DELETE /api/campaigns/1d47936a-ba76-47ab-878d-24d24139a962/ HTTP/1.1" 204 0
[26/May/2026 15:59:47] "DELETE /api/campaigns/bed538ce-586e-4ecc-9203-3a80c8d2187c/ HTTP/1.1" 204 0
[26/May/2026 15:59:47] "DELETE /api/campaigns/6277d981-412e-4dd7-ae25-b719cc4a7ac3/ HTTP/1.1" 204 0
[26/May/2026 15:59:47] "DELETE /api/campaigns/c3a18b89-9621-43c4-ad93-077b6dfbdcca/ HTTP/1.1" 204 0
[26/May/2026 15:59:47] "DELETE /api/campaigns/71cb22e0-0fc1-4b36-8943-19133cd984eb/ HTTP/1.1" 204 0
[26/May/2026 15:59:47] "GET /api/campaigns/?page=1&page_size=50 HTTP/1.1" 200 410
[26/May/2026 16:00:10] "GET /api/contacts/count/?search=Students&college=&status= HTTP/1.1" 200 11
[26/May/2026 16:00:13] "GET /api/contacts/count/?search=Students&college=College&status= HTTP/1.1" 200 11
[26/May/2026 16:00:15] "GET /api/contacts/count/?search=Students&college=College&status=sent HTTP/1.1" 200 11
[26/May/2026 16:00:26] "POST /api/campaigns/ HTTP/1.1" 201 613
[26/May/2026 16:00:26] "GET /api/campaigns/?page=1&page_size=50 HTTP/1.1" 200 774
[26/May/2026 16:00:33] "DELETE /api/campaigns/373238eb-cd74-48c1-96a2-53d2617a9c51/ HTTP/1.1" 400 76
[26/May/2026 16:00:36] "DELETE /api/campaigns/373238eb-cd74-48c1-96a2-53d2617a9c51/ HTTP/1.1" 400 76
[26/May/2026 16:00:40] "GET /contacts/ HTTP/1.1" 200 28468
[26/May/2026 16:00:40] "GET /static/js/api.js?v=20260526-2 HTTP/1.1" 304 0
[26/May/2026 16:00:40] "GET /api/contacts?page=1&page_size=50 HTTP/1.1" 200 2670
[26/May/2026 16:00:43] "GET /api/campaigns/?page_size=200 HTTP/1.1" 200 774
[26/May/2026 16:00:47] "POST /api/contacts/bulk-action/ HTTP/1.1" 200 24
[26/May/2026 16:00:48] "GET /campaigns/ HTTP/1.1" 200 32333
[26/May/2026 16:00:48] "GET /api/templates/?page_size=200 HTTP/1.1" 200 298
[26/May/2026 16:00:48] "GET /api/campaigns/?page=1&page_size=50 HTTP/1.1" 200 776
[26/May/2026 16:00:49] "GET /api/contacts/count/?search=&college=&status= HTTP/1.1" 200 12
[26/May/2026 16:00:53] "POST /api/campaigns/d4855392-b4ed-4f43-9f3d-f58e3b2f3676/launch/ HTTP/1.1" 500 145
[26/May/2026 16:00:53] "GET /api/campaigns/?page=1&page_size=50 HTTP/1.1" 200 774
[26/May/2026 16:01:00] "POST /api/campaigns/373238eb-cd74-48c1-96a2-53d2617a9c51/pause/ HTTP/1.1" 200 217
[26/May/2026 16:01:00] "GET /api/campaigns/?page=1&page_size=50 HTTP/1.1" 200 773
[26/May/2026 16:01:02] "DELETE /api/campaigns/373238eb-cd74-48c1-96a2-53d2617a9c51/ HTTP/1.1" 204 0
[26/May/2026 16:01:02] "GET /api/campaigns/?page=1&page_size=50 HTTP/1.1" 200 415
[26/May/2026 16:01:35] "POST /api/campaigns/d4855392-b4ed-4f43-9f3d-f58e3b2f3676/pause/ HTTP/1.1" 200 219
[26/May/2026 16:01:35] "GET /api/campaigns/?page=1&page_size=50 HTTP/1.1" 200 414
[26/May/2026 16:01:36] "POST /api/campaigns/d4855392-b4ed-4f43-9f3d-f58e3b2f3676/launch/ HTTP/1.1" 500 145
[26/May/2026 16:01:36] "GET /api/campaigns/?page=1&page_size=50 HTTP/1.1" 200 415
C:\Users\Master\Desktop\Exposys_Email_Compaign\venv\Lib\site-packages\jwt\api_jwt.py:147: InsecureKeyLengthWarning: The HMAC key is 25 bytes long, which is below the minimum recommended length of 32 bytes for SHA256. See RFC 7518 Section 3.2.
  return self._jws.encode(
[26/May/2026 16:02:18] "POST /api/auth/login/ HTTP/1.1" 200 983
[26/May/2026 16:02:18] "GET /dashboard/ HTTP/1.1" 200 16240
[26/May/2026 16:02:18] "GET /static/js/api.js?v=20260526-2 HTTP/1.1" 304 0
[26/May/2026 16:02:18] "GET /api/analytics/dashboard/?days=7 HTTP/1.1" 200 699
[26/May/2026 16:02:18] "GET /api/analytics/dashboard/?days=7 HTTP/1.1" 200 699
[26/May/2026 16:02:18] "GET /api/analytics/dashboard/?days=7 HTTP/1.1" 200 699
[26/May/2026 16:02:20] "GET /contacts/ HTTP/1.1" 200 28468
[26/May/2026 16:02:20] "GET /api/contacts?page=1&page_size=50 HTTP/1.1" 200 2670
[26/May/2026 16:02:22] "GET /campaigns/ HTTP/1.1" 200 32333
[26/May/2026 16:02:22] "GET /api/templates/?page_size=200 HTTP/1.1" 200 298
[26/May/2026 16:02:22] "GET /api/campaigns/?page=1&page_size=50 HTTP/1.1" 200 415
[26/May/2026 16:02:23] "GET /api/contacts/count/?search=&college=&status= HTTP/1.1" 200 12
[26/May/2026 16:02:23] "POST /api/campaigns/d4855392-b4ed-4f43-9f3d-f58e3b2f3676/pause/ HTTP/1.1" 200 219
[26/May/2026 16:02:23] "GET /api/campaigns/?page=1&page_size=50 HTTP/1.1" 200 414
[26/May/2026 16:02:24] "POST /api/campaigns/d4855392-b4ed-4f43-9f3d-f58e3b2f3676/launch/ HTTP/1.1" 500 145
[26/May/2026 16:02:24] "GET /api/campaigns/?page=1&page_size=50 HTTP/1.1" 200 415
[26/May/2026 16:03:18] "GET /.well-known/appspecific/com.chrome.devtools.json HTTP/1.1" 404 179
[26/May/2026 16:06:23] "GET /login/ HTTP/1.1" 200 6483
[26/May/2026 16:06:23] "GET /static/js/api.js HTTP/1.1" 304 0
[26/May/2026 16:06:23] "POST /api/auth/logout/ HTTP/1.1" 205 37
[26/May/2026 16:13:27] "POST /api/auth/login/ HTTP/1.1" 200 983
[26/May/2026 16:13:27] "GET /dashboard/ HTTP/1.1" 200 16240
[26/May/2026 16:13:28] "GET /static/js/api.js?v=20260526-2 HTTP/1.1" 304 0
[26/May/2026 16:13:28] "GET /api/analytics/dashboard/?days=7 HTTP/1.1" 200 699
[26/May/2026 16:13:28] "GET /api/analytics/dashboard/?days=7 HTTP/1.1" 200 699
[26/May/2026 16:13:28] "GET /api/analytics/dashboard/?days=7 HTTP/1.1" 200 699
[26/May/2026 16:13:29] "GET /campaigns/ HTTP/1.1" 200 32333
[26/May/2026 16:13:30] "GET /api/templates/?page_size=200 HTTP/1.1" 200 298
[26/May/2026 16:13:30] "GET /api/campaigns/?page=1&page_size=50 HTTP/1.1" 200 415
[26/May/2026 16:13:30] "GET /api/contacts/count/?search=&college=&status= HTTP/1.1" 200 12
[26/May/2026 16:13:33] "DELETE /api/campaigns/d4855392-b4ed-4f43-9f3d-f58e3b2f3676/ HTTP/1.1" 400 76
[26/May/2026 16:13:34] "GET /contacts/ HTTP/1.1" 200 28468
[26/May/2026 16:13:35] "GET /api/contacts?page=1&page_size=50 HTTP/1.1" 200 2670
[26/May/2026 16:13:38] "GET /api/campaigns/?page_size=200 HTTP/1.1" 200 415
[26/May/2026 16:13:42] "GET /campaigns/ HTTP/1.1" 200 32333
[26/May/2026 16:13:42] "GET /api/templates/?page_size=200 HTTP/1.1" 200 298
[26/May/2026 16:13:42] "GET /api/campaigns/?page=1&page_size=50 HTTP/1.1" 200 415
[26/May/2026 16:13:43] "GET /api/contacts/count/?search=&college=&status= HTTP/1.1" 200 12
[26/May/2026 16:13:55] "GET /api/contacts/count/?search=Students&college=&status= HTTP/1.1" 200 11
[26/May/2026 16:13:57] "GET /api/contacts/count/?search=Students&college=IIT&status= HTTP/1.1" 200 11
[26/May/2026 16:13:59] "GET /api/contacts/count/?search=Students&college=IIT&status=sent HTTP/1.1" 200 11
[26/May/2026 16:14:12] "POST /api/campaigns/ HTTP/1.1" 201 604
[26/May/2026 16:14:12] "GET /api/campaigns/?page=1&page_size=50 HTTP/1.1" 200 770
[26/May/2026 16:14:18] "POST /api/campaigns/26220078-45a9-4bfd-8251-fd0bba195eb5/launch/ HTTP/1.1" 400 81
[26/May/2026 16:14:18] "GET /api/campaigns/?page=1&page_size=50 HTTP/1.1" 200 770
[26/May/2026 16:14:19] "GET /contacts/ HTTP/1.1" 200 28468
[26/May/2026 16:14:20] "GET /api/contacts?page=1&page_size=50 HTTP/1.1" 200 2670
[26/May/2026 16:14:22] "GET /api/campaigns/?page_size=200 HTTP/1.1" 200 770
[26/May/2026 16:14:25] "POST /api/contacts/bulk-action/ HTTP/1.1" 200 24
[26/May/2026 16:14:26] "GET /campaigns/ HTTP/1.1" 200 32333
[26/May/2026 16:14:27] "GET /api/templates/?page_size=200 HTTP/1.1" 200 298
[26/May/2026 16:14:27] "GET /api/campaigns/?page=1&page_size=50 HTTP/1.1" 200 772
[26/May/2026 16:14:27] "GET /api/contacts/count/?search=&college=&status= HTTP/1.1" 200 12
[26/May/2026 16:14:28] "POST /api/campaigns/26220078-45a9-4bfd-8251-fd0bba195eb5/launch/ HTTP/1.1" 500 145
[26/May/2026 16:14:28] "GET /api/campaigns/?page=1&page_size=50 HTTP/1.1" 200 770
[26/May/2026 16:14:51] "DELETE /api/campaigns/d4855392-b4ed-4f43-9f3d-f58e3b2f3676/ HTTP/1.1" 400 76
[26/May/2026 16:14:53] "DELETE /api/campaigns/26220078-45a9-4bfd-8251-fd0bba195eb5/ HTTP/1.1" 400 76
[26/May/2026 16:28:08] "GET /campaigns/ HTTP/1.1" 200 32333
[26/May/2026 16:28:08] "GET /static/js/api.js?v=20260526-2 HTTP/1.1" 304 0
[26/May/2026 16:28:08] "GET /api/templates/?page_size=200 HTTP/1.1" 200 298
[26/May/2026 16:28:08] "GET /api/campaigns/?page=1&page_size=50 HTTP/1.1" 200 770
[26/May/2026 16:28:09] "GET /api/contacts/count/?search=&college=&status= HTTP/1.1" 200 12
[26/May/2026 16:28:11] "DELETE /api/campaigns/26220078-45a9-4bfd-8251-fd0bba195eb5/ HTTP/1.1" 400 76
[26/May/2026 16:28:13] "POST /api/campaigns/26220078-45a9-4bfd-8251-fd0bba195eb5/pause/ HTTP/1.1" 200 219
[26/May/2026 16:28:13] "GET /api/campaigns/?page=1&page_size=50 HTTP/1.1" 200 769
[26/May/2026 16:28:14] "POST /api/campaigns/26220078-45a9-4bfd-8251-fd0bba195eb5/launch/ HTTP/1.1" 500 145
[26/May/2026 16:28:14] "GET /api/campaigns/?page=1&page_size=50 HTTP/1.1" 200 770
[26/May/2026 16:28:15] "POST /api/campaigns/26220078-45a9-4bfd-8251-fd0bba195eb5/pause/ HTTP/1.1" 200 219
[26/May/2026 16:28:15] "GET /api/campaigns/?page=1&page_size=50 HTTP/1.1" 200 769
[26/May/2026 16:28:19] "GET /login/ HTTP/1.1" 200 6483
[26/May/2026 16:28:19] "POST /api/auth/logout/ HTTP/1.1" 205 37
[26/May/2026 16:28:19] "GET /static/js/api.js HTTP/1.1" 304 0
[26/May/2026 16:28:29] "POST /api/auth/login/ HTTP/1.1" 200 983
[26/May/2026 16:28:30] "GET /dashboard/ HTTP/1.1" 200 16240
[26/May/2026 16:28:30] "GET /api/analytics/dashboard/?days=7 HTTP/1.1" 200 739
[26/May/2026 16:28:30] "GET /api/analytics/dashboard/?days=7 HTTP/1.1" 200 739
[26/May/2026 16:28:30] "GET /api/analytics/dashboard/?days=7 HTTP/1.1" 200 739
[26/May/2026 16:28:32] "GET /campaigns/ HTTP/1.1" 200 32333
[26/May/2026 16:28:33] "GET /api/templates/?page_size=200 HTTP/1.1" 200 298
[26/May/2026 16:28:33] "GET /api/campaigns/?page=1&page_size=50 HTTP/1.1" 200 769
[26/May/2026 16:28:33] "GET /api/contacts/count/?search=&college=&status= HTTP/1.1" 200 12
[26/May/2026 16:28:34] "POST /api/campaigns/26220078-45a9-4bfd-8251-fd0bba195eb5/launch/ HTTP/1.1" 500 145
[26/May/2026 16:28:34] "GET /api/campaigns/?page=1&page_size=50 HTTP/1.1" 200 770
[26/May/2026 16:40:13] "DELETE /api/campaigns/26220078-45a9-4bfd-8251-fd0bba195eb5/ HTTP/1.1" 400 76
[26/May/2026 16:40:15] "DELETE /api/campaigns/d4855392-b4ed-4f43-9f3d-f58e3b2f3676/ HTTP/1.1" 400 76
[26/May/2026 16:45:52] "DELETE /api/campaigns/26220078-45a9-4bfd-8251-fd0bba195eb5/ HTTP/1.1" 400 76
[26/May/2026 16:45:55] "DELETE /api/campaigns/d4855392-b4ed-4f43-9f3d-f58e3b2f3676/ HTTP/1.1" 400 76
[26/May/2026 19:26:27] "GET /dashboard/ HTTP/1.1" 200 16240
[26/May/2026 19:26:28] "GET /static/css/base.css HTTP/1.1" 304 0
[26/May/2026 19:26:28] "GET /static/js/api.js?v=20260526-2 HTTP/1.1" 304 0
[26/May/2026 19:26:28] "GET /api/analytics/dashboard/?days=7 HTTP/1.1" 401 183
[26/May/2026 19:26:28] "GET /api/analytics/dashboard/?days=7 HTTP/1.1" 401 183
[26/May/2026 19:26:28] "GET /api/analytics/dashboard/?days=7 HTTP/1.1" 401 183
[26/May/2026 19:26:28] "POST /api/auth/refresh/ HTTP/1.1" 200 710
[26/May/2026 19:26:28] "POST /api/auth/refresh/ HTTP/1.1" 200 710
[26/May/2026 19:26:28] "POST /api/auth/refresh/ HTTP/1.1" 200 710
[26/May/2026 19:26:28] "GET /api/analytics/dashboard/?days=7 HTTP/1.1" 200 739
[26/May/2026 19:26:28] "GET /api/analytics/dashboard/?days=7 HTTP/1.1" 200 739
[26/May/2026 19:26:28] "GET /api/analytics/dashboard/?days=7 HTTP/1.1" 200 739
[26/May/2026 19:26:40] "GET /contacts/ HTTP/1.1" 200 28468
[26/May/2026 19:26:41] "GET /api/contacts?page=1&page_size=50 HTTP/1.1" 200 2670
[26/May/2026 19:26:43] "GET /campaigns/ HTTP/1.1" 200 32333
[26/May/2026 19:26:44] "GET /api/templates/?page_size=200 HTTP/1.1" 200 298
[26/May/2026 19:26:44] "GET /api/campaigns/?page=1&page_size=50 HTTP/1.1" 200 770
[26/May/2026 19:26:44] "GET /api/contacts/count/?search=&college=&status= HTTP/1.1" 200 12
[26/May/2026 19:26:47] "DELETE /api/campaigns/26220078-45a9-4bfd-8251-fd0bba195eb5/ HTTP/1.1" 400 76
[26/May/2026 19:26:50] "DELETE /api/campaigns/d4855392-b4ed-4f43-9f3d-f58e3b2f3676/ HTTP/1.1" 400 76
[26/May/2026 19:26:51] "GET /contacts/ HTTP/1.1" 200 28468
[26/May/2026 19:26:51] "GET /api/contacts?page=1&page_size=50 HTTP/1.1" 200 2670
[26/May/2026 19:26:57] "POST /api/contacts/bulk-action/ HTTP/1.1" 200 80
[26/May/2026 19:26:57] "GET /api/contacts?page=1&page_size=50 HTTP/1.1" 200 2415
[26/May/2026 19:26:59] "GET /campaigns/ HTTP/1.1" 200 32333
[26/May/2026 19:27:00] "GET /api/templates/?page_size=200 HTTP/1.1" 200 298
[26/May/2026 19:27:00] "GET /api/campaigns/?page=1&page_size=50 HTTP/1.1" 200 770
[26/May/2026 19:27:00] "GET /api/contacts/count/?search=&college=&status= HTTP/1.1" 200 11
[26/May/2026 19:27:11] "GET /login/ HTTP/1.1" 200 6483
[26/May/2026 19:27:11] "POST /api/auth/logout/ HTTP/1.1" 205 37
[26/May/2026 19:27:11] "GET /static/js/api.js HTTP/1.1" 304 0
[26/May/2026 19:27:14] "GET /login/ HTTP/1.1" 200 6483
[26/May/2026 19:27:14] "GET /static/js/api.js HTTP/1.1" 200 5683
[26/May/2026 19:27:14] "GET /static/css/base.css HTTP/1.1" 200 27849
[26/May/2026 19:27:35] "POST /api/auth/login/ HTTP/1.1" 200 983
[26/May/2026 19:27:35] "GET /dashboard/ HTTP/1.1" 200 16240
[26/May/2026 19:27:36] "GET /api/analytics/dashboard/?days=7 HTTP/1.1" 200 714
[26/May/2026 19:27:36] "GET /api/analytics/dashboard/?days=7 HTTP/1.1" 200 714
[26/May/2026 19:27:36] "GET /api/analytics/dashboard/?days=7 HTTP/1.1" 200 714
[26/May/2026 19:27:38] "GET /campaigns/ HTTP/1.1" 200 32333
[26/May/2026 19:27:38] "GET /api/templates/?page_size=200 HTTP/1.1" 200 298
[26/May/2026 19:27:38] "GET /api/campaigns/?page=1&page_size=50 HTTP/1.1" 200 770
[26/May/2026 19:27:38] "GET /api/contacts/count/?search=&college=&status= HTTP/1.1" 200 11
[26/May/2026 19:28:37] "DELETE /api/campaigns/26220078-45a9-4bfd-8251-fd0bba195eb5/ HTTP/1.1" 400 76
[26/May/2026 19:28:37] "DELETE /api/campaigns/d4855392-b4ed-4f43-9f3d-f58e3b2f3676/ HTTP/1.1" 400 76
[26/May/2026 19:28:37] "GET /api/campaigns/?page=1&page_size=50 HTTP/1.1" 200 770
[26/May/2026 19:29:57] "GET /dashboard/ HTTP/1.1" 200 16240
[26/May/2026 19:29:57] "GET /api/analytics/dashboard/?days=7 HTTP/1.1" 200 714
[26/May/2026 19:29:57] "GET /api/analytics/dashboard/?days=7 HTTP/1.1" 200 714
[26/May/2026 19:29:57] "GET /api/analytics/dashboard/?days=7 HTTP/1.1" 200 714
[26/May/2026 19:30:00] "GET /campaigns/ HTTP/1.1" 200 32333
[26/May/2026 19:30:00] "GET /api/templates/?page_size=200 HTTP/1.1" 200 298
[26/May/2026 19:30:00] "GET /api/campaigns/?page=1&page_size=50 HTTP/1.1" 200 770
[26/May/2026 19:30:00] "GET /api/contacts/count/?search=&college=&status= HTTP/1.1" 200 11
[26/May/2026 19:30:14] "GET /api/contacts/count/?search=Students&college=&status= HTTP/1.1" 200 11
[26/May/2026 19:30:17] "GET /api/contacts/count/?search=Students&college=College&status= HTTP/1.1" 200 11
[26/May/2026 19:30:18] "GET /api/contacts/count/?search=Students&college=College&status=sent HTTP/1.1" 200 11
[26/May/2026 19:30:27] "POST /api/campaigns/ HTTP/1.1" 201 601
[26/May/2026 19:30:27] "GET /api/campaigns/?page=1&page_size=50 HTTP/1.1" 200 1122
[26/May/2026 19:30:29] "POST /api/campaigns/4a07a6f6-9665-42ce-b299-0c7c87189558/launch/ HTTP/1.1" 400 81
[26/May/2026 19:30:29] "GET /api/campaigns/?page=1&page_size=50 HTTP/1.1" 200 1122
[26/May/2026 19:30:39] "POST /api/campaigns/4a07a6f6-9665-42ce-b299-0c7c87189558/launch/ HTTP/1.1" 400 81
[26/May/2026 19:30:39] "GET /api/campaigns/?page=1&page_size=50 HTTP/1.1" 200 1122
[26/May/2026 19:30:41] "DELETE /api/campaigns/26220078-45a9-4bfd-8251-fd0bba195eb5/ HTTP/1.1" 400 76
[26/May/2026 19:30:42] "POST /api/campaigns/4a07a6f6-9665-42ce-b299-0c7c87189558/launch/ HTTP/1.1" 400 81
[26/May/2026 19:30:42] "GET /api/campaigns/?page=1&page_size=50 HTTP/1.1" 200 1122
[26/May/2026 19:30:43] "POST /api/campaigns/4a07a6f6-9665-42ce-b299-0c7c87189558/launch/ HTTP/1.1" 400 81
[26/May/2026 19:30:43] "GET /api/campaigns/?page=1&page_size=50 HTTP/1.1" 200 1122
[26/May/2026 19:30:44] "POST /api/campaigns/4a07a6f6-9665-42ce-b299-0c7c87189558/launch/ HTTP/1.1" 400 81
[26/May/2026 19:30:44] "GET /api/campaigns/?page=1&page_size=50 HTTP/1.1" 200 1122
[26/May/2026 19:30:50] "GET /.well-known/appspecific/com.chrome.devtools.json HTTP/1.1" 404 179
[26/May/2026 19:30:52] "POST /api/campaigns/4a07a6f6-9665-42ce-b299-0c7c87189558/launch/ HTTP/1.1" 400 81
[26/May/2026 19:30:52] "GET /api/campaigns/?page=1&page_size=50 HTTP/1.1" 200 1122
[26/May/2026 19:30:53] "POST /api/campaigns/4a07a6f6-9665-42ce-b299-0c7c87189558/launch/ HTTP/1.1" 400 81
[26/May/2026 19:30:53] "GET /api/campaigns/?page=1&page_size=50 HTTP/1.1" 200 1122
[26/May/2026 19:30:55] "POST /api/campaigns/4a07a6f6-9665-42ce-b299-0c7c87189558/launch/ HTTP/1.1" 400 81
[26/May/2026 19:30:55] "GET /api/campaigns/?page=1&page_size=50 HTTP/1.1" 200 1122
[26/May/2026 19:30:55] "POST /api/campaigns/4a07a6f6-9665-42ce-b299-0c7c87189558/launch/ HTTP/1.1" 400 81
[26/May/2026 19:30:55] "GET /api/campaigns/?page=1&page_size=50 HTTP/1.1" 200 1122
[26/May/2026 19:32:57] "GET /campaigns/ HTTP/1.1" 200 32333
[26/May/2026 19:32:57] "GET /.well-known/appspecific/com.chrome.devtools.json HTTP/1.1" 404 179
[26/May/2026 19:32:57] "GET /api/templates/?page_size=200 HTTP/1.1" 200 298
[26/May/2026 19:32:57] "GET /api/campaigns/?page=1&page_size=50 HTTP/1.1" 200 1122
[26/May/2026 19:32:58] "GET /api/contacts/count/?search=&college=&status= HTTP/1.1" 200 11
[26/May/2026 19:32:59] "POST /api/campaigns/4a07a6f6-9665-42ce-b299-0c7c87189558/launch/ HTTP/1.1" 400 81
[26/May/2026 19:32:59] "GET /api/campaigns/?page=1&page_size=50 HTTP/1.1" 200 1122
[26/May/2026 19:33:01] "POST /api/campaigns/4a07a6f6-9665-42ce-b299-0c7c87189558/launch/ HTTP/1.1" 400 81
[26/May/2026 19:33:01] "GET /api/campaigns/?page=1&page_size=50 HTTP/1.1" 200 1122
[26/May/2026 19:33:46] "POST /api/campaigns/4a07a6f6-9665-42ce-b299-0c7c87189558/launch/ HTTP/1.1" 401 183
[26/May/2026 19:33:47,760] - Broken pipe from ('127.0.0.1', 63929)
[26/May/2026 19:40:01] "GET /campaigns/ HTTP/1.1" 200 32333
[26/May/2026 19:40:01] "GET /.well-known/appspecific/com.chrome.devtools.json HTTP/1.1" 404 179
[26/May/2026 19:40:01] "GET /api/templates/?page_size=200 HTTP/1.1" 200 298
[26/May/2026 19:40:01] "GET /api/campaigns/?page=1&page_size=50 HTTP/1.1" 200 1455
[26/May/2026 19:40:02] "GET /api/contacts/count/?search=&college=&status= HTTP/1.1" 200 11
[26/May/2026 19:40:05] "DELETE /api/campaigns/4a07a6f6-9665-42ce-b299-0c7c87189558/ HTTP/1.1" 204 0
[26/May/2026 19:40:05] "GET /api/campaigns/?page=1&page_size=50 HTTP/1.1" 200 1103
[26/May/2026 19:40:08] "DELETE /api/campaigns/26220078-45a9-4bfd-8251-fd0bba195eb5/ HTTP/1.1" 400 76
[26/May/2026 19:40:26] "GET /campaigns/ HTTP/1.1" 200 32333
[26/May/2026 19:40:26] "GET /api/templates/?page_size=200 HTTP/1.1" 200 298
[26/May/2026 19:40:27] "GET /api/campaigns/?page=1&page_size=50 HTTP/1.1" 200 1105
[26/May/2026 19:40:27] "GET /api/contacts/count/?search=&college=&status= HTTP/1.1" 200 11
[26/May/2026 19:40:29] "POST /api/campaigns/b30847d1-3a6d-45cf-bc43-616a412a531a/pause/ HTTP/1.1" 200 217
[26/May/2026 19:40:29] "GET /api/campaigns/?page=1&page_size=50 HTTP/1.1" 200 1104
[26/May/2026 19:40:29,932] - Broken pipe from ('127.0.0.1', 49675)
[26/May/2026 19:40:30] "POST /api/campaigns/b30847d1-3a6d-45cf-bc43-616a412a531a/launch/ HTTP/1.1" 400 135
[26/May/2026 19:40:30] "GET /api/campaigns/?page=1&page_size=50 HTTP/1.1" 200 1107
[26/May/2026 19:40:32] "DELETE /api/campaigns/b30847d1-3a6d-45cf-bc43-616a412a531a/ HTTP/1.1" 204 0
[26/May/2026 19:40:33] "GET /api/campaigns/?page=1&page_size=50 HTTP/1.1" 200 770
[26/May/2026 19:40:36] "DELETE /api/campaigns/d4855392-b4ed-4f43-9f3d-f58e3b2f3676/ HTTP/1.1" 400 76
[26/May/2026 19:40:39] "GET /.well-known/appspecific/com.chrome.devtools.json HTTP/1.1" 404 179
[26/May/2026 19:41:27] "POST /api/campaigns/26220078-45a9-4bfd-8251-fd0bba195eb5/pause/ HTTP/1.1" 200 219
[26/May/2026 19:41:27] "GET /api/campaigns/?page=1&page_size=50 HTTP/1.1" 200 769
[26/May/2026 19:41:30] "POST /api/campaigns/26220078-45a9-4bfd-8251-fd0bba195eb5/launch/ HTTP/1.1" 400 133
[26/May/2026 19:41:30] "GET /api/campaigns/?page=1&page_size=50 HTTP/1.1" 200 770
[26/May/2026 19:41:37] "DELETE /api/campaigns/26220078-45a9-4bfd-8251-fd0bba195eb5/ HTTP/1.1" 400 76
[26/May/2026 19:41:39] "POST /api/campaigns/26220078-45a9-4bfd-8251-fd0bba195eb5/pause/ HTTP/1.1" 200 219
[26/May/2026 19:41:39] "GET /api/campaigns/?page=1&page_size=50 HTTP/1.1" 200 769
[26/May/2026 19:41:41] "POST /api/campaigns/26220078-45a9-4bfd-8251-fd0bba195eb5/launch/ HTTP/1.1" 200 103
[26/May/2026 19:41:43] "GET /.well-known/appspecific/com.chrome.devtools.json HTTP/1.1" 404 179
[26/May/2026 19:41:44] "GET /api/campaigns/26220078-45a9-4bfd-8251-fd0bba195eb5/status/ HTTP/1.1" 200 246
[26/May/2026 19:41:44] "GET /api/campaigns/?page=1&page_size=50 HTTP/1.1" 200 771
[26/May/2026 19:41:46] "GET /api/campaigns/26220078-45a9-4bfd-8251-fd0bba195eb5/status/ HTTP/1.1" 200 246
[26/May/2026 19:41:46] "GET /api/campaigns/?page=1&page_size=50 HTTP/1.1" 200 770
[26/May/2026 19:41:48] "GET /api/campaigns/26220078-45a9-4bfd-8251-fd0bba195eb5/status/ HTTP/1.1" 200 245
[26/May/2026 19:41:49] "POST /api/campaigns/26220078-45a9-4bfd-8251-fd0bba195eb5/pause/ HTTP/1.1" 200 244
[26/May/2026 19:41:49] "GET /api/campaigns/?page=1&page_size=50 HTTP/1.1" 200 769
[26/May/2026 19:41:51] "POST /api/campaigns/26220078-45a9-4bfd-8251-fd0bba195eb5/launch/ HTTP/1.1" 400 133
[26/May/2026 19:41:51] "GET /api/campaigns/?page=1&page_size=50 HTTP/1.1" 200 770
[26/May/2026 19:42:06] "POST /api/campaigns/26220078-45a9-4bfd-8251-fd0bba195eb5/launch/ HTTP/1.1" 200 103
[26/May/2026 19:42:09] "GET /api/campaigns/26220078-45a9-4bfd-8251-fd0bba195eb5/status/ HTTP/1.1" 200 246
[26/May/2026 19:42:09] "GET /api/campaigns/?page=1&page_size=50 HTTP/1.1" 200 771
[26/May/2026 19:42:11] "GET /api/campaigns/26220078-45a9-4bfd-8251-fd0bba195eb5/status/ HTTP/1.1" 200 246
[26/May/2026 19:42:11] "GET /api/campaigns/?page=1&page_size=50 HTTP/1.1" 200 771
[26/May/2026 19:42:13] "GET /api/campaigns/26220078-45a9-4bfd-8251-fd0bba195eb5/status/ HTTP/1.1" 200 246
[26/May/2026 19:42:13] "GET /api/campaigns/?page=1&page_size=50 HTTP/1.1" 200 771
[26/May/2026 19:42:32] "DELETE /api/campaigns/26220078-45a9-4bfd-8251-fd0bba195eb5/ HTTP/1.1" 204 0
[26/May/2026 19:42:32] "GET /api/campaigns/?page=1&page_size=50 HTTP/1.1" 200 415
[26/May/2026 19:42:35] "DELETE /api/campaigns/d4855392-b4ed-4f43-9f3d-f58e3b2f3676/ HTTP/1.1" 400 76
[26/May/2026 19:42:38] "DELETE /api/campaigns/d4855392-b4ed-4f43-9f3d-f58e3b2f3676/ HTTP/1.1" 400 76
[26/May/2026 19:42:40] "POST /api/campaigns/d4855392-b4ed-4f43-9f3d-f58e3b2f3676/pause/ HTTP/1.1" 200 219
[26/May/2026 19:42:40] "GET /api/campaigns/?page=1&page_size=50 HTTP/1.1" 200 414
[26/May/2026 19:42:43] "DELETE /api/campaigns/d4855392-b4ed-4f43-9f3d-f58e3b2f3676/ HTTP/1.1" 204 0
[26/May/2026 19:42:43] "GET /api/campaigns/?page=1&page_size=50 HTTP/1.1" 200 52
[26/May/2026 19:42:45] "GET /campaigns/ HTTP/1.1" 200 32333
[26/May/2026 19:42:45] "GET /api/templates/?page_size=200 HTTP/1.1" 200 298
[26/May/2026 19:42:45] "GET /api/campaigns/?page=1&page_size=50 HTTP/1.1" 200 52
[26/May/2026 19:42:46] "GET /api/contacts/count/?search=&college=&status= HTTP/1.1" 200 11
[26/May/2026 19:42:49,447] - Broken pipe from ('127.0.0.1', 58899)
[26/May/2026 19:46:17] "GET /dashboard/ HTTP/1.1" 200 16240
[26/May/2026 19:46:17] "GET /api/analytics/dashboard/?days=7 HTTP/1.1" 200 541
[26/May/2026 19:46:17] "GET /api/analytics/dashboard/?days=7 HTTP/1.1" 200 541
[26/May/2026 19:46:17] "GET /api/analytics/dashboard/?days=7 HTTP/1.1" 200 541
[26/May/2026 19:46:22] "GET /campaigns/ HTTP/1.1" 200 32333
[26/May/2026 19:46:22] "GET /api/templates/?page_size=200 HTTP/1.1" 200 298
[26/May/2026 19:46:22] "GET /api/campaigns/?page=1&page_size=50 HTTP/1.1" 200 52
[26/May/2026 19:46:23] "GET /api/contacts/count/?search=&college=&status= HTTP/1.1" 200 11
[26/May/2026 19:46:33] "GET /api/contacts/count/?search=Students&college=&status= HTTP/1.1" 200 11
[26/May/2026 19:46:36] "GET /api/contacts/count/?search=Students&college=IIT&status= HTTP/1.1" 200 11
[26/May/2026 19:46:39] "GET /api/contacts/count/?search=Students&college=IIT&status=sent HTTP/1.1" 200 11
[26/May/2026 19:46:55] "POST /api/campaigns/ HTTP/1.1" 201 609
[26/May/2026 19:46:55] "GET /api/campaigns/?page=1&page_size=50 HTTP/1.1" 200 411
[26/May/2026 19:46:57] "POST /api/campaigns/4db01e53-16bd-4405-b343-7e975492823d/launch/ HTTP/1.1" 400 81
[26/May/2026 19:46:57] "GET /api/campaigns/?page=1&page_size=50 HTTP/1.1" 200 411
[26/May/2026 19:47:01] "POST /api/campaigns/4db01e53-16bd-4405-b343-7e975492823d/launch/ HTTP/1.1" 400 81
[26/May/2026 19:47:01] "GET /api/campaigns/?page=1&page_size=50 HTTP/1.1" 200 411
[26/May/2026 19:47:02] "POST /api/campaigns/4db01e53-16bd-4405-b343-7e975492823d/launch/ HTTP/1.1" 400 81
[26/May/2026 19:47:02] "GET /api/campaigns/?page=1&page_size=50 HTTP/1.1" 200 411
[26/May/2026 19:47:02] "POST /api/campaigns/4db01e53-16bd-4405-b343-7e975492823d/launch/ HTTP/1.1" 400 81
[26/May/2026 19:47:02] "GET /api/campaigns/?page=1&page_size=50 HTTP/1.1" 200 411
[26/May/2026 19:47:03] "POST /api/campaigns/4db01e53-16bd-4405-b343-7e975492823d/launch/ HTTP/1.1" 400 81
[26/May/2026 19:47:03] "GET /api/campaigns/?page=1&page_size=50 HTTP/1.1" 200 411
[26/May/2026 19:47:03] "POST /api/campaigns/4db01e53-16bd-4405-b343-7e975492823d/launch/ HTTP/1.1" 400 81
[26/May/2026 19:47:03] "GET /api/campaigns/?page=1&page_size=50 HTTP/1.1" 200 411
[26/May/2026 19:47:04] "POST /api/campaigns/4db01e53-16bd-4405-b343-7e975492823d/launch/ HTTP/1.1" 400 81
[26/May/2026 19:47:04] "GET /api/campaigns/?page=1&page_size=50 HTTP/1.1" 200 411
[26/May/2026 19:47:05] "POST /api/campaigns/4db01e53-16bd-4405-b343-7e975492823d/launch/ HTTP/1.1" 400 81
[26/May/2026 19:47:05] "GET /api/campaigns/?page=1&page_size=50 HTTP/1.1" 200 411
[26/May/2026 19:47:11] "POST /api/campaigns/4db01e53-16bd-4405-b343-7e975492823d/launch/ HTTP/1.1" 400 81
[26/May/2026 19:47:11] "GET /api/campaigns/?page=1&page_size=50 HTTP/1.1" 200 411
[26/May/2026 19:47:15] "POST /api/campaigns/4db01e53-16bd-4405-b343-7e975492823d/launch/ HTTP/1.1" 400 81
[26/May/2026 19:47:15] "POST /api/campaigns/4db01e53-16bd-4405-b343-7e975492823d/launch/ HTTP/1.1" 400 81
[26/May/2026 19:47:15] "GET /api/campaigns/?page=1&page_size=50 HTTP/1.1" 200 411
[26/May/2026 19:47:15] "GET /api/campaigns/?page=1&page_size=50 HTTP/1.1" 200 411
[26/May/2026 19:47:17] "POST /api/campaigns/4db01e53-16bd-4405-b343-7e975492823d/launch/ HTTP/1.1" 400 81
[26/May/2026 19:47:17] "GET /api/campaigns/?page=1&page_size=50 HTTP/1.1" 200 411
[26/May/2026 19:47:24] "POST /api/campaigns/4db01e53-16bd-4405-b343-7e975492823d/launch/ HTTP/1.1" 400 81
[26/May/2026 19:47:24] "GET /api/campaigns/?page=1&page_size=50 HTTP/1.1" 200 411
[26/May/2026 19:47:27] "GET /.well-known/appspecific/com.chrome.devtools.json HTTP/1.1" 404 179
[26/May/2026 19:48:28] "POST /api/campaigns/4db01e53-16bd-4405-b343-7e975492823d/launch/ HTTP/1.1" 400 81
[26/May/2026 19:48:28] "GET /api/campaigns/?page=1&page_size=50 HTTP/1.1" 200 411
[26/May/2026 19:58:08] "DELETE /api/campaigns/4db01e53-16bd-4405-b343-7e975492823d/ HTTP/1.1" 404 23
[26/May/2026 19:58:10] "GET /campaigns/ HTTP/1.1" 200 32333
[26/May/2026 19:58:10] "GET /static/js/api.js?v=20260526-2 HTTP/1.1" 304 0
[26/May/2026 19:58:10] "GET /api/templates/?page_size=200 HTTP/1.1" 200 298
[26/May/2026 19:58:11] "GET /api/campaigns/?page=1&page_size=50 HTTP/1.1" 200 723
[26/May/2026 19:58:11] "GET /api/contacts/count/?search=&college=&status= HTTP/1.1" 200 11
[26/May/2026 19:58:13] "DELETE /api/campaigns/cb3984d1-00df-48e5-a3f0-52a5a1b359d6/ HTTP/1.1" 204 0
[26/May/2026 19:58:13] "GET /api/campaigns/?page=1&page_size=50 HTTP/1.1" 200 387
[26/May/2026 19:58:21] "DELETE /api/campaigns/c08d51a4-f802-4f12-b3b7-9884d98fb858/ HTTP/1.1" 400 76
[26/May/2026 19:58:22] "GET /campaigns/ HTTP/1.1" 200 32333
[26/May/2026 19:58:22] "GET /api/templates/?page_size=200 HTTP/1.1" 200 298
[26/May/2026 19:58:22] "GET /api/campaigns/?page=1&page_size=50 HTTP/1.1" 200 387
[26/May/2026 19:58:23] "GET /api/contacts/count/?search=&college=&status= HTTP/1.1" 200 11
[26/May/2026 19:58:28] "DELETE /api/campaigns/c08d51a4-f802-4f12-b3b7-9884d98fb858/ HTTP/1.1" 400 76
[26/May/2026 19:58:28] "GET /api/campaigns/?page=1&page_size=50 HTTP/1.1" 200 387
[26/May/2026 19:58:32] "DELETE /api/campaigns/c08d51a4-f802-4f12-b3b7-9884d98fb858/ HTTP/1.1" 400 76
[26/May/2026 19:58:32] "GET /api/campaigns/?page=1&page_size=50 HTTP/1.1" 200 387
